{"/Users/stephenjames/git/that-ctrnn-thing/src/CTRNNConnection.spec.js":{"path":"/Users/stephenjames/git/that-ctrnn-thing/src/CTRNNConnection.spec.js","s":{"1":1,"2":1,"3":1,"4":1},"b":{},"f":{"1":1,"2":1},"fnMap":{"1":{"name":"(anonymous_1)","line":1,"loc":{"start":{"line":1,"column":28},"end":{"line":1,"column":40}}},"2":{"name":"(anonymous_2)","line":2,"loc":{"start":{"line":2,"column":22},"end":{"line":2,"column":34}}}},"statementMap":{"1":{"start":{"line":1,"column":0},"end":{"line":6,"column":3}},"2":{"start":{"line":2,"column":4},"end":{"line":5,"column":7}},"3":{"start":{"line":3,"column":8},"end":{"line":3,"column":18}},"4":{"start":{"line":4,"column":8},"end":{"line":4,"column":35}}},"branchMap":{}},"/Users/stephenjames/git/that-ctrnn-thing/src/CTRNNConnectee.js":{"path":"/Users/stephenjames/git/that-ctrnn-thing/src/CTRNNConnectee.js","s":{"1":0},"b":{},"f":{},"fnMap":{},"statementMap":{"1":{"start":{"line":2,"column":0},"end":{"line":2,"column":62}}},"branchMap":{}},"/Users/stephenjames/git/that-ctrnn-thing/src/CTRNNConnection.js":{"path":"/Users/stephenjames/git/that-ctrnn-thing/src/CTRNNConnection.js","s":{"1":0,"2":0,"3":0,"4":0,"5":0,"6":0,"7":0,"8":0},"b":{},"f":{"1":0,"2":0},"fnMap":{"1":{"name":"(anonymous_1)","line":3,"loc":{"start":{"line":3,"column":37},"end":{"line":3,"column":49}}},"2":{"name":"CTRNNConnection","line":5,"loc":{"start":{"line":5,"column":4},"end":{"line":5,"column":39}}}},"statementMap":{"1":{"start":{"line":2,"column":0},"end":{"line":2,"column":62}},"2":{"start":{"line":3,"column":0},"end":{"line":11,"column":5}},"3":{"start":{"line":5,"column":4},"end":{"line":9,"column":5}},"4":{"start":{"line":6,"column":8},"end":{"line":6,"column":25}},"5":{"start":{"line":7,"column":8},"end":{"line":7,"column":21}},"6":{"start":{"line":8,"column":8},"end":{"line":8,"column":36}},"7":{"start":{"line":10,"column":4},"end":{"line":10,"column":27}},"8":{"start":{"line":12,"column":0},"end":{"line":12,"column":42}}},"branchMap":{}},"/Users/stephenjames/git/that-ctrnn-thing/src/CTRNNNetwork.js":{"path":"/Users/stephenjames/git/that-ctrnn-thing/src/CTRNNNetwork.js","s":{"1":0,"2":0,"3":0,"4":0,"5":0,"6":0,"7":0,"8":0,"9":0,"10":0,"11":0,"12":0,"13":0,"14":0,"15":0,"16":0,"17":0},"b":{"1":[0,0]},"f":{"1":0,"2":0,"3":0},"fnMap":{"1":{"name":"(anonymous_1)","line":4,"loc":{"start":{"line":4,"column":34},"end":{"line":4,"column":46}}},"2":{"name":"CTRNNNetwork","line":6,"loc":{"start":{"line":6,"column":4},"end":{"line":6,"column":32}}},"3":{"name":"(anonymous_3)","line":12,"loc":{"start":{"line":12,"column":39},"end":{"line":12,"column":51}}}},"statementMap":{"1":{"start":{"line":2,"column":0},"end":{"line":2,"column":62}},"2":{"start":{"line":3,"column":0},"end":{"line":3,"column":45}},"3":{"start":{"line":4,"column":0},"end":{"line":24,"column":5}},"4":{"start":{"line":6,"column":4},"end":{"line":10,"column":5}},"5":{"start":{"line":7,"column":8},"end":{"line":7,"column":42}},"6":{"start":{"line":7,"column":31},"end":{"line":7,"column":40}},"7":{"start":{"line":8,"column":8},"end":{"line":8,"column":25}},"8":{"start":{"line":9,"column":8},"end":{"line":9,"column":25}},"9":{"start":{"line":12,"column":4},"end":{"line":22,"column":6}},"10":{"start":{"line":13,"column":8},"end":{"line":13,"column":26}},"11":{"start":{"line":14,"column":8},"end":{"line":16,"column":9}},"12":{"start":{"line":15,"column":12},"end":{"line":15,"column":63}},"13":{"start":{"line":17,"column":8},"end":{"line":21,"column":9}},"14":{"start":{"line":18,"column":12},"end":{"line":20,"column":13}},"15":{"start":{"line":19,"column":16},"end":{"line":19,"column":61}},"16":{"start":{"line":23,"column":4},"end":{"line":23,"column":24}},"17":{"start":{"line":25,"column":0},"end":{"line":25,"column":36}}},"branchMap":{"1":{"line":7,"type":"if","locations":[{"start":{"line":7,"column":8},"end":{"line":7,"column":8}},{"start":{"line":7,"column":8},"end":{"line":7,"column":8}}]}}},"/Users/stephenjames/git/that-ctrnn-thing/src/CTRNNNeuron.js":{"path":"/Users/stephenjames/git/that-ctrnn-thing/src/CTRNNNeuron.js","s":{"1":0,"2":0,"3":0,"4":0,"5":0,"6":0,"7":0,"8":0,"9":0,"10":0,"11":0,"12":0,"13":0,"14":0,"15":0,"16":0,"17":0,"18":0,"19":0},"b":{},"f":{"1":0,"2":0,"3":0,"4":0,"5":0,"6":0},"fnMap":{"1":{"name":"(anonymous_1)","line":4,"loc":{"start":{"line":4,"column":33},"end":{"line":4,"column":45}}},"2":{"name":"CTRNNNeuron","line":5,"loc":{"start":{"line":5,"column":4},"end":{"line":5,"column":27}}},"3":{"name":"(anonymous_3)","line":12,"loc":{"start":{"line":12,"column":37},"end":{"line":12,"column":50}}},"4":{"name":"(anonymous_4)","line":16,"loc":{"start":{"line":16,"column":38},"end":{"line":16,"column":50}}},"5":{"name":"(anonymous_5)","line":22,"loc":{"start":{"line":22,"column":47},"end":{"line":22,"column":60}}},"6":{"name":"(anonymous_6)","line":26,"loc":{"start":{"line":26,"column":40},"end":{"line":26,"column":54}}}},"statementMap":{"1":{"start":{"line":2,"column":0},"end":{"line":2,"column":62}},"2":{"start":{"line":3,"column":0},"end":{"line":3,"column":53}},"3":{"start":{"line":4,"column":0},"end":{"line":31,"column":5}},"4":{"start":{"line":5,"column":4},"end":{"line":10,"column":5}},"5":{"start":{"line":7,"column":8},"end":{"line":7,"column":25}},"6":{"start":{"line":9,"column":8},"end":{"line":9,"column":26}},"7":{"start":{"line":12,"column":4},"end":{"line":14,"column":6}},"8":{"start":{"line":13,"column":8},"end":{"line":13,"column":46}},"9":{"start":{"line":16,"column":4},"end":{"line":20,"column":6}},"10":{"start":{"line":17,"column":8},"end":{"line":17,"column":35}},"11":{"start":{"line":18,"column":8},"end":{"line":18,"column":33}},"12":{"start":{"line":19,"column":8},"end":{"line":19,"column":34}},"13":{"start":{"line":22,"column":4},"end":{"line":24,"column":6}},"14":{"start":{"line":23,"column":8},"end":{"line":23,"column":28}},"15":{"start":{"line":26,"column":4},"end":{"line":29,"column":6}},"16":{"start":{"line":27,"column":8},"end":{"line":27,"column":64}},"17":{"start":{"line":28,"column":8},"end":{"line":28,"column":29}},"18":{"start":{"line":30,"column":4},"end":{"line":30,"column":23}},"19":{"start":{"line":32,"column":0},"end":{"line":32,"column":34}}},"branchMap":{}},"/Users/stephenjames/git/that-ctrnn-thing/src/example.js":{"path":"/Users/stephenjames/git/that-ctrnn-thing/src/example.js","s":{},"b":{},"f":{},"fnMap":{},"statementMap":{},"branchMap":{}},"/Users/stephenjames/git/that-ctrnn-thing/src/index.js":{"path":"/Users/stephenjames/git/that-ctrnn-thing/src/index.js","s":{"1":0,"2":0,"3":0,"4":0,"5":0,"6":0,"7":0,"8":0},"b":{"1":[0,0]},"f":{"1":0},"fnMap":{"1":{"name":"__export","line":2,"loc":{"start":{"line":2,"column":0},"end":{"line":2,"column":21}}}},"statementMap":{"1":{"start":{"line":2,"column":0},"end":{"line":4,"column":1}},"2":{"start":{"line":3,"column":4},"end":{"line":3,"column":71}},"3":{"start":{"line":3,"column":21},"end":{"line":3,"column":71}},"4":{"start":{"line":3,"column":53},"end":{"line":3,"column":71}},"5":{"start":{"line":5,"column":0},"end":{"line":5,"column":62}},"6":{"start":{"line":6,"column":0},"end":{"line":6,"column":39}},"7":{"start":{"line":7,"column":0},"end":{"line":7,"column":36}},"8":{"start":{"line":8,"column":0},"end":{"line":8,"column":35}}},"branchMap":{"1":{"line":3,"type":"if","locations":[{"start":{"line":3,"column":21},"end":{"line":3,"column":21}},{"start":{"line":3,"column":21},"end":{"line":3,"column":21}}]}}}}